[29 Jun 2022, 14:46:25] | "sadsadsad" to ID: Xcq00uaVCRnM72yGAAAD | By AKy5u7hJgIVikkfwAAAC
[29 Jun 2022, 14:46:29] | "asdsadsad" to ID: AKy5u7hJgIVikkfwAAAC | By Xcq00uaVCRnM72yGAAAD
[29 Jun 2022, 14:50:51] | "bbb" to lobby | By AH3DttpknkYNYTawAAAE
[29 Jun 2022, 14:51:01] | "bbb" to lobby | By xcxQBI7A6weCGDf0AAAH
[29 Jun 2022, 14:51:53] | "sdfsdf" to lobby | By xcxQBI7A6weCGDf0AAAH
[29 Jun 2022, 14:52:39] | "sdfsdf" to lobby | By xcxQBI7A6weCGDf0AAAH
[29 Jun 2022, 14:53:01] | "sdfsdfsdf" to lobby | By xcxQBI7A6weCGDf0AAAH
[29 Jun 2022, 14:54:23] | "sdfsdfdsf" to lobby | By 3sIUPyvZSVBzSTifAAAK
[29 Jun 2022, 14:54:36] | "sdfsdfsdf" to lobby | By 3sIUPyvZSVBzSTifAAAK
[29 Jun 2022, 14:54:50] | "sdfdsfdsfds" to lobby | By 3sIUPyvZSVBzSTifAAAK
[29 Jun 2022, 14:55:25] | "sdfdsfdsf" to lobby | By 3sIUPyvZSVBzSTifAAAK
[29 Jun 2022, 14:56:45] | "sdfsdfdsfds" to lobby | By 7ikovgc7axWOmGTUAAAD
[29 Jun 2022, 14:57:48] | "sdfsdfdsf" to lobby | By 7ikovgc7axWOmGTUAAAD
[29 Jun 2022, 15:02:41] | "sdfdsf" to lobby | By xTXVqbdRG_9Rjy_nAAAD
[29 Jun 2022, 15:03:17] | "asdsd" to lobby | By ihMHeh-Y0-kwYBytAAAD
[29 Jun 2022, 15:03:19] | "asdasdsa" to lobby | By W0cXFdGOCi8fZR59AAAC
[29 Jun 2022, 15:03:23] | "asdsadsad" to ID: ihMHeh-Y0-kwYBytAAAD | By W0cXFdGOCi8fZR59AAAC
[29 Jun 2022, 15:03:34] | "asdsdsadasd" to ID: W0cXFdGOCi8fZR59AAAC | By ihMHeh-Y0-kwYBytAAAD
[29 Jun 2022, 15:03:38] | "asdsadsadsa" to ID: W0cXFdGOCi8fZR59AAAC | By ihMHeh-Y0-kwYBytAAAD
[29 Jun 2022, 15:14:49] | "sdfsdfdsfd" to lobby | By 6LePQl4PKoPze5vSAAAD
[29 Jun 2022, 15:14:53] | "sdfdfsdf" to ID: Yv06b9tkiwe1m5qjAAAB | By 6LePQl4PKoPze5vSAAAD
[29 Jun 2022, 15:14:57] | "sdfdsfdsfdsfds" to ID: 6LePQl4PKoPze5vSAAAD | By Yv06b9tkiwe1m5qjAAAB
[29 Jun 2022, 15:15:00] | "sdfsdfdsfdsf" to ID: 6LePQl4PKoPze5vSAAAD | By Yv06b9tkiwe1m5qjAAAB
[29 Jun 2022, 15:15:21] | "dfsdfdsf" to lobby | By 6LePQl4PKoPze5vSAAAD
[29 Jun 2022, 15:17:55] | "sdfdsfsdf" to ID: 6LePQl4PKoPze5vSAAAD | By Yv06b9tkiwe1m5qjAAAB
[29 Jun 2022, 15:21:45] | "sfdsfsd" to lobby | By HteYbk0n6HTlYP-GAAAK
[29 Jun 2022, 15:30:29] | "asdsad" to lobby | By sRYc3PKo-YUf7roDAAAB
[29 Jun 2022, 15:58:29] | "asdsadsad" to lobby | By vlilLk_2Kew0z4XEAAAM
[29 Jun 2022, 15:58:31] | "asdasdsad" to lobby | By vlilLk_2Kew0z4XEAAAM
[29 Jun 2022, 15:58:35] | "asdsadasd" to lobby | By f-o47q20oNslevAzAAAE
[29 Jun 2022, 15:58:37] | "asdsadsad" to lobby | By f-o47q20oNslevAzAAAE
[29 Jun 2022, 15:58:59] | "asdasdsad" to lobby | By uxAsVafEdXGPFxUmAAAP
[29 Jun 2022, 15:59:01] | "asdsadasda" to lobby | By uxAsVafEdXGPFxUmAAAP
[29 Jun 2022, 15:59:06] | "sadsdd" to ID: Nx1jINbdYXn7m1-BAAAN | By uxAsVafEdXGPFxUmAAAP
[29 Jun 2022, 16:00:06] | "sdfdfdsf" to ID: f-o47q20oNslevAzAAAE | By uxAsVafEdXGPFxUmAAAP
[29 Jun 2022, 16:00:10] | "dsfdsfdsf" to ID: uxAsVafEdXGPFxUmAAAP | By f-o47q20oNslevAzAAAE
[29 Jun 2022, 16:00:25] | "asdsadsa" to ID: f-o47q20oNslevAzAAAE | By uxAsVafEdXGPFxUmAAAP
[29 Jun 2022, 16:00:38] | "asdasdsa" to ID: f-o47q20oNslevAzAAAE | By uxAsVafEdXGPFxUmAAAP
[29 Jun 2022, 16:01:15] | "asdsadsad" to ID: uxAsVafEdXGPFxUmAAAP | By f-o47q20oNslevAzAAAE
[29 Jun 2022, 16:01:17] | "asdsadsa" to ID: f-o47q20oNslevAzAAAE | By uxAsVafEdXGPFxUmAAAP
[29 Jun 2022, 16:01:45] | "sadsadsad" to ID: f-o47q20oNslevAzAAAE | By uxAsVafEdXGPFxUmAAAP
[29 Jun 2022, 16:16:24] | "" to lobby | By MlUmJXxlgFJ7xW7JAAAb
[29 Jun 2022, 16:17:17] | "asdasdsad" to lobby | By MlUmJXxlgFJ7xW7JAAAb
[29 Jun 2022, 16:17:20] | "asdasdsad" to lobby | By MlUmJXxlgFJ7xW7JAAAb
[29 Jun 2022, 16:17:31] | "asdsadasd" to lobby | By MlUmJXxlgFJ7xW7JAAAb
[29 Jun 2022, 16:17:37] | "asdasdsadsad" to lobby | By Ph4pDXKne2kOw6l1AAAY
[29 Jun 2022, 16:17:43] | "asdsadasdsad" to lobby | By Ph4pDXKne2kOw6l1AAAY
[29 Jun 2022, 16:17:46] | "asdadsadsad" to lobby | By Ph4pDXKne2kOw6l1AAAY
[29 Jun 2022, 16:23:47] | "sdasdsadsad" to ID: HteYbk0n6HTlYP-GAAAK | By Ph4pDXKne2kOw6l1AAAY
[29 Jun 2022, 16:23:50] | "asdsdsadsadasd" to lobby | By MlUmJXxlgFJ7xW7JAAAb
[29 Jun 2022, 16:23:57] | "sfdsfdsfs" to lobby | By MlUmJXxlgFJ7xW7JAAAb
[29 Jun 2022, 16:27:53] | "adsadsadsadsa" to lobby | By 5L8UQnwQI1iVtzozAAAe
[29 Jun 2022, 16:27:56] | "asdsadsadsadsa" to lobby | By 5L8UQnwQI1iVtzozAAAe
[29 Jun 2022, 16:28:54] | "adsdsadasd" to lobby | By 5L8UQnwQI1iVtzozAAAe
[29 Jun 2022, 16:29:17] | "asdsdsadasdsadsad" to lobby | By YwHdz960SEyIdx3nAAAh
[29 Jun 2022, 16:29:21] | "asdasdsadsad" to lobby | By 5L8UQnwQI1iVtzozAAAe
[29 Jun 2022, 16:29:56] | "sadasdsadsad" to lobby | By 5L8UQnwQI1iVtzozAAAe
[29 Jun 2022, 16:29:59] | "asdsadsadsad" to lobby | By YwHdz960SEyIdx3nAAAh
[29 Jun 2022, 16:30:33] | "asdsadsadsa" to lobby | By YwHdz960SEyIdx3nAAAh
[29 Jun 2022, 16:30:34] | "asdasdasd" to lobby | By 5L8UQnwQI1iVtzozAAAe
[29 Jun 2022, 16:31:04] | "dsfdsfdsfdsf" to sdsd | By YwHdz960SEyIdx3nAAAh
[29 Jun 2022, 16:31:06] | "sdfsdfsdfdsf" to sdsd | By YwHdz960SEyIdx3nAAAh
[29 Jun 2022, 16:54:08] | "dadsadas" to lobby | By GWgDHMG9eSp15z7cAAAD
[29 Jun 2022, 17:16:53] | "asdsadsadsdas" to lobby | By 5OuODoeR5HfDkuX7AAAD
[29 Jun 2022, 17:17:01] | "asdasdsadsad" to ID: 5OuODoeR5HfDkuX7AAAD | By 5uRKKBRO0hnEJrQXAAAB
